Arguments: 
  /usr/local/bin/node /usr/local/Cellar/yarn/1.22.0/libexec/bin/yarn.js add --dev mocha

PATH: 
  /Users/gozala/.local/bin:/Users/gozala/.mozbuild/arcanist/bin:/Users/gozala/.mozbuild/moz-phab:/Users/gozala/.deno/bin:/Users/gozala/.cargo/bin:/Users/gozala/Projects/clojurescript/bin:/Users/gozala/.mozbuild/git-cinnabar:/Users/gozala/Projects/vectrie/node_modules/.bin:/Users/gozala/.lein/bin:/Users/gozala/.local/bin:/usr/local/bin:/usr/local/sbin:/Users/gozala/Projects/moz-git-tools:/Users/gozala/Projects/vectrie/node_modules/.bin:/Users/gozala/.lein/bin:/Users/gozala/.local/bin:/usr/local/bin:/usr/local/sbin:/Users/gozala/.nvm/versions/node/v8.9.4/bin:/usr/local/bin:/usr/bin:/bin:/usr/sbin:/sbin:/usr/local/MacGPG2/bin:/opt/X11/bin:/Library/Apple/usr/bin:/Users/gozala/.go/bin:/usr/local/bin/bin

Yarn version: 
  1.22.0

Node version: 
  16.13.0

Platform: 
  darwin x64

Trace: 
  SyntaxError: /Users/gozala/Projects/vectrie/package.json: Unexpected token } in JSON at position 650
      at JSON.parse (<anonymous>)
      at /usr/local/Cellar/yarn/1.22.0/libexec/lib/cli.js:1625:59
      at Generator.next (<anonymous>)
      at step (/usr/local/Cellar/yarn/1.22.0/libexec/lib/cli.js:310:30)
      at /usr/local/Cellar/yarn/1.22.0/libexec/lib/cli.js:321:13

npm manifest: 
  {
    "name": "vectrie",
    "version": "0.0.0",
    "description": "S implementation of persistent bit-partitioned vector trie a.k.a vector data structure in Clojure",
    "keywords": [
      "typescript",
      "growable array",
      "immutable",
      "array",
      "list",
      "persistent",
      "bit partitioned",
      "vector",
      "trie"
    ],
    "author": "Irakli Gozalshvili <dev@gozala.io> (https://gozala.io/work)",
    "license": "(Apache-2.0 AND MIT)",
    "type": "module",
    "scripts": {
      "typecheck": "tsc --build",
      "test:es": "uvu test all.spec.js",
      "test:web": "playwright-test -r uvu test/web.spec.js",
      "test:es": "uvu test all.spec.js",
    },
    "devDependencies": {
      "typescript": "4.5.5"
    }
  }

yarn manifest: 
  No manifest

Lockfile: 
  # THIS IS AN AUTOGENERATED FILE. DO NOT EDIT THIS FILE DIRECTLY.
  # yarn lockfile v1
  
  
  typescript@4.5.5:
    version "4.5.5"
    resolved "https://registry.yarnpkg.com/typescript/-/typescript-4.5.5.tgz#d8c953832d28924a9e3d37c73d729c846c5896f3"
    integrity sha512-TCTIul70LyWe6IJWT8QSYeA54WQe8EjQFU4wY52Fasj5UKx88LNYKCgBEHcOMOrFF1rKGbD8v/xcNWVUq9SymA==
